<?xml version="1.0" encoding="UTF-8"?>
<!-- Generated by org.testng.reporters.JUnitReportReporter -->
<testsuite hostname="AbhinayaS" name="testngFiles.DependencyAnnotatins" tests="4" failures="0" timestamp="6 Sep 2017 12:21:28 GMT" time="0.000" errors="0">
  <testcase name="checkingSeatAvailbility" time="0.000" classname="testngFiles.DependencyAnnotatins"/>
  <testcase name="openingBrowser" time="0.000" classname="testngFiles.DependencyAnnotatins"/>
  <testcase name="timeRelated" time="0.000" classname="testngFiles.DependencyAnnotatins"/>
  <testcase name="flightBooking" time="0.000" classname="testngFiles.DependencyAnnotatins"/>
</testsuite> <!-- testngFiles.DependencyAnnotatins -->
