<?xml version="1.0" encoding="UTF-8"?>
<!-- Generated by org.testng.reporters.JUnitReportReporter -->
<testsuite skipped="0" hostname="AbhinayaS" name="packTwo.copy.Annotations" tests="2" failures="0" timestamp="17 Aug 2017 06:37:31 GMT" time="0.000" errors="0">
  <testcase name="openingBrowser" time="0.000" classname="packTwo.copy.Annotations"/>
  <testcase name="flightBooking" time="0.000" classname="packTwo.copy.Annotations"/>
</testsuite> <!-- packTwo.copy.Annotations -->
