<?xml version="1.0" encoding="UTF-8"?>
<!-- Generated by org.testng.reporters.JUnitReportReporter -->
<testsuite skipped="0" hostname="AbhinayaS" name="datadriven.Annotations" tests="5" failures="0" timestamp="23 Aug 2017 07:36:52 GMT" time="15.233" errors="0">
  <testcase name="userid" time="0.003" classname="datadriven.Annotations"/>
  <testcase name="inheritance" time="7.739" classname="datadriven.Annotations"/>
  <testcase name="userid" time="0.001" classname="datadriven.Annotations"/>
  <testcase name="Login" time="7.484" classname="datadriven.Annotations"/>
  <testcase name="userid" time="0.006" classname="datadriven.Annotations"/>
</testsuite> <!-- datadriven.Annotations -->
