<?xml version="1.0" encoding="UTF-8"?>
<!-- Generated by org.testng.reporters.JUnitReportReporter -->
<testsuite skipped="0" hostname="AbhinayaS" name="DebitCards.AppTest" tests="1" failures="0" timestamp="11 Sep 2017 11:29:31 GMT" time="0.031" errors="0">
  <testcase name="openingBrowser" time="0.031" classname="DebitCards.AppTest"/>
</testsuite> <!-- DebitCards.AppTest -->
