<?xml version="1.0" encoding="UTF-8"?>
<!-- Generated by org.testng.reporters.JUnitReportReporter -->
<testsuite skipped="1" hostname="AbhinayaS" name="packTwo.DependencyAnnotatins" tests="6" failures="0" timestamp="22 Aug 2017 13:29:52 GMT" time="13.013" errors="0">
  <testcase name="Login" time="6.341" classname="packTwo.DependencyAnnotatins"/>
  <testcase name="timeRelated" time="0.007" classname="packTwo.DependencyAnnotatins"/>
  <testcase name="flightBooking" time="0.001" classname="packTwo.DependencyAnnotatins"/>
  <testcase name="checkingSeatAvailbility" time="0.001" classname="packTwo.DependencyAnnotatins"/>
  <testcase name="openingBrowser" time="6.663" classname="packTwo.DependencyAnnotatins"/>
  <testcase name="payment" classname="packTwo.DependencyAnnotatins">
    <skipped/>
  </testcase> <!-- payment -->
</testsuite> <!-- packTwo.DependencyAnnotatins -->
