<?xml version="1.0" encoding="UTF-8"?>
<!-- Generated by org.testng.reporters.JUnitReportReporter -->
<testsuite skipped="0" hostname="AbhinayaS" name="testngFiles.Annotations" tests="2" failures="0" timestamp="22 Aug 2017 11:08:13 GMT" time="0.023" errors="0">
  <testcase name="flightBooking" time="0.020" classname="testngFiles.Annotations"/>
  <testcase name="openingBrowser" time="0.003" classname="testngFiles.Annotations"/>
</testsuite> <!-- testngFiles.Annotations -->
