<?xml version="1.0" encoding="UTF-8"?>
<!-- Generated by org.testng.reporters.JUnitReportReporter -->
<testsuite skipped="0" hostname="AbhinayaS" name="packTwo.copy.Annotations2" tests="1" failures="0" timestamp="17 Aug 2017 06:37:31 GMT" time="0.000" errors="0">
  <testcase name="executeSoftware" time="0.000" classname="packTwo.copy.Annotations2"/>
</testsuite> <!-- packTwo.copy.Annotations2 -->
