<?xml version="1.0" encoding="UTF-8"?>
<!-- Generated by org.testng.reporters.JUnitReportReporter -->
<testsuite skipped="0" hostname="AbhinayaS" name="testngFiles.Annotations2" tests="1" failures="0" timestamp="22 Aug 2017 11:44:10 GMT" time="0.000" errors="0">
  <testcase name="executeSoftware" time="0.000" classname="testngFiles.Annotations2"/>
</testsuite> <!-- testngFiles.Annotations2 -->
