<?xml version="1.0" encoding="UTF-8"?>
<!-- Generated by org.testng.reporters.JUnitReportReporter -->
<testsuite skipped="0" hostname="AbhinayaS" name="packTwo.Annotations2" tests="1" failures="0" timestamp="22 Aug 2017 13:20:33 GMT" time="86.533" errors="1">
  <testcase name="executeSoftware" time="86.533" classname="packTwo.Annotations2">
    <error type="org.openqa.selenium.WebDriverException" message="Failed to connect to binary FirefoxBinary(C:\Program Files (x86)\Mozilla Firefox\firefox.exe) on port 7055; process output follows: 
-- see http://www.mozilla.com/en-US/blocklist/
LdrLoadDll: Blocking load of &#039;rlls.dll&#039; -- see http://www.mozilla.com/en-US/blocklist/
LdrLoadDll: Blocking load of &#039;rlls.dll&#039; -- see http://www.mozilla.com/en-US/blocklist/
LdrLoadDll: Blocking load of &#039;rlls.dll&#039; -- see http://www.mozilla.com/en-US/blocklist/
LdrLoadDll: Blocking load of &#039;rlls.dll&#039; -- see http://www.mozilla.com/en-US/blocklist/
LdrLoadDll: Blocking load of &#039;rlls.dll&#039; -- see http://www.mozilla.com/en-US/blocklist/
LdrLoadDll: Blocking load of &#039;rlls.dll&#039; -- see http://www.mozilla.com/en-US/blocklist/
LdrLoadDll: Blocking load of &#039;rlls.dll&#039; -- see http://www.mozilla.com/en-US/blocklist/
LdrLoadDll: Blocking load of &#039;rlls.dll&#039; -- see http://www.mozilla.com/en-US/blocklist/
LdrLoadDll: Blocking load of &#039;rlls.dll&#039; -- see http://www.mozilla.com/en-US/blocklist/
LdrLoadDll: Blocking load of &#039;rlls.dll&#039; -- see http://www.mozilla.com/en-US/blocklist/
LdrLoadDll: Blocking load of &#039;rlls.dll&#039; -- see http://www.mozilla.com/en-US/blocklist/
LdrLoadDll: Blocking load of &#039;rlls.dll&#039; -- see http://www.mozilla.com/en-US/blocklist/
LdrLoadDll: Blocking load of &#039;rlls.dll&#039; -- see http://www.mozilla.com/en-US/blocklist/
LdrLoadDll: Blocking load of &#039;rlls.dll&#039; -- see http://www.mozilla.com/en-US/blocklist/
LdrLoadDll: Blocking load of &#039;rlls.dll&#039; -- see http://www.mozilla.com/en-US/blocklist/
LdrLoadDll: Blocking load of &#039;rlls.dll&#039; -- see http://www.mozilla.com/en-US/blocklist/
LdrLoadDll: Blocking load of &#039;rlls.dll&#039; -- see http://www.mozilla.com/en-US/blocklist/
LdrLoadDll: Blocking load of &#039;rlls.dll&#039; -- see http://www.mozilla.com/en-US/blocklist/
LdrLoadDll: Blocking load of &#039;rlls.dll&#039; -- see http://www.mozilla.com/en-US/blocklist/
LdrLoadDll: Blocking load of &#039;rlls.dll&#039; -- see http://www.mozilla.com/en-US/blocklist/
LdrLoadDll: Blocking load of &#039;rlls.dll&#039; -- see http://www.mozilla.com/en-US/blocklist/
LdrLoadDll: Blocking load of &#039;rlls.dll&#039; -- see http://www.mozilla.com/en-US/blocklist/
LdrLoadDll: Blocking load of &#039;rlls.dll&#039; -- see http://www.mozilla.com/en-US/blocklist/
LdrLoadDll: Blocking load of &#039;rlls.dll&#039; -- see http://www.mozilla.com/en-US/blocklist/
LdrLoadDll: Blocking load of &#039;rlls.dll&#039; -- see http://www.mozilla.com/en-US/blocklist/
LdrLoadDll: Blocking load of &#039;rlls.dll&#039; -- see http://www.mozilla.com/en-US/blocklist/
LdrLoadDll: Blocking load of &#039;rlls.dll&#039; -- see http://www.mozilla.com/en-US/blocklist/
LdrLoadDll: Blocking load of &#039;rlls.dll&#039; -- see http://www.mozilla.com/en-US/blocklist/
LdrLoadDll: Blocking load of &#039;rlls.dll&#039; -- see http://www.mozilla.com/en-US/blocklist/
LdrLoadDll: Blocking load of &#039;rlls.dll&#039; -- see http://www.mozilla.com/en-US/blocklist/
LdrLoadDll: Blocking load of &#039;rlls.dll&#039; -- see http://www.mozilla.com/en-US/blocklist/
LdrLoadDll: Blocking load of &#039;rlls.dll&#039; -- see http://www.mozilla.com/en-US/blocklist/
LdrLoadDll: Blocking load of &#039;rlls.dll&#039; -- see http://www.mozilla.com/en-US/blocklist/
LdrLoadDll: Blocking load of &#039;rlls.dll&#039; -- see http://www.mozilla.com/en-US/blocklist/
LdrLoadDll: Blocking load of &#039;rlls.dll&#039; -- see http://www.mozilla.com/en-US/blocklist/
LdrLoadDll: Blocking load of &#039;rlls.dll&#039; -- see http://www.mozilla.com/en-US/blocklist/
LdrLoadDll: Blocking load of &#039;rlls.dll&#039; -- see http://www.mozilla.com/en-US/blocklist/
LdrLoadDll: Blocking load of &#039;rlls.dll&#039; -- see http://www.mozilla.com/en-US/blocklist/
LdrLoadDll: Blocking load of &#039;rlls.dll&#039; -- see http://www.mozilla.com/en-US/blocklist/
LdrLoadDll: Blocking load of &#039;rlls.dll&#039; -- see http://www.mozilla.com/en-US/blocklist/
LdrLoadDll: Blocking load of &#039;rlls.dll&#039; -- see http://www.mozilla.com/en-US/blocklist/
LdrLoadDll: Blocking load of &#039;rlls.dll&#039; -- see http://www.mozilla.com/en-US/blocklist/
LdrLoadDll: Blocking load of &#039;rlls.dll&#039; -- see http://www.mozilla.com/en-US/blocklist/
LdrLoadDll: Blocking load of &#039;rlls.dll&#039; -- see http://www.mozilla.com/en-US/blocklist/
LdrLoadDll: Blocking load of &#039;rlls.dll&#039; -- see http://www.mozilla.com/en-US/blocklist/
LdrLoadDll: Blocking load of &#039;rlls.dll&#039; -- see http://www.mozilla.com/en-US/blocklist/

Build info: version: &#039;2.44.0&#039;, revision: &#039;76d78cf&#039;, time: &#039;2014-10-23 20:02:37&#039;
System info: host: &#039;AbhinayaS&#039;, ip: &#039;10.250.21.46&#039;, os.name: &#039;Windows 7&#039;, os.arch: &#039;amd64&#039;, os.version: &#039;6.1&#039;, java.version: &#039;1.8.0_131&#039;
Driver info: driver.version: FirefoxDriver">
      <![CDATA[org.openqa.selenium.WebDriverException: Failed to connect to binary FirefoxBinary(C:\Program Files (x86)\Mozilla Firefox\firefox.exe) on port 7055; process output follows: 
-- see http://www.mozilla.com/en-US/blocklist/
LdrLoadDll: Blocking load of 'rlls.dll' -- see http://www.mozilla.com/en-US/blocklist/
LdrLoadDll: Blocking load of 'rlls.dll' -- see http://www.mozilla.com/en-US/blocklist/
LdrLoadDll: Blocking load of 'rlls.dll' -- see http://www.mozilla.com/en-US/blocklist/
LdrLoadDll: Blocking load of 'rlls.dll' -- see http://www.mozilla.com/en-US/blocklist/
LdrLoadDll: Blocking load of 'rlls.dll' -- see http://www.mozilla.com/en-US/blocklist/
LdrLoadDll: Blocking load of 'rlls.dll' -- see http://www.mozilla.com/en-US/blocklist/
LdrLoadDll: Blocking load of 'rlls.dll' -- see http://www.mozilla.com/en-US/blocklist/
LdrLoadDll: Blocking load of 'rlls.dll' -- see http://www.mozilla.com/en-US/blocklist/
LdrLoadDll: Blocking load of 'rlls.dll' -- see http://www.mozilla.com/en-US/blocklist/
LdrLoadDll: Blocking load of 'rlls.dll' -- see http://www.mozilla.com/en-US/blocklist/
LdrLoadDll: Blocking load of 'rlls.dll' -- see http://www.mozilla.com/en-US/blocklist/
LdrLoadDll: Blocking load of 'rlls.dll' -- see http://www.mozilla.com/en-US/blocklist/
LdrLoadDll: Blocking load of 'rlls.dll' -- see http://www.mozilla.com/en-US/blocklist/
LdrLoadDll: Blocking load of 'rlls.dll' -- see http://www.mozilla.com/en-US/blocklist/
LdrLoadDll: Blocking load of 'rlls.dll' -- see http://www.mozilla.com/en-US/blocklist/
LdrLoadDll: Blocking load of 'rlls.dll' -- see http://www.mozilla.com/en-US/blocklist/
LdrLoadDll: Blocking load of 'rlls.dll' -- see http://www.mozilla.com/en-US/blocklist/
LdrLoadDll: Blocking load of 'rlls.dll' -- see http://www.mozilla.com/en-US/blocklist/
LdrLoadDll: Blocking load of 'rlls.dll' -- see http://www.mozilla.com/en-US/blocklist/
LdrLoadDll: Blocking load of 'rlls.dll' -- see http://www.mozilla.com/en-US/blocklist/
LdrLoadDll: Blocking load of 'rlls.dll' -- see http://www.mozilla.com/en-US/blocklist/
LdrLoadDll: Blocking load of 'rlls.dll' -- see http://www.mozilla.com/en-US/blocklist/
LdrLoadDll: Blocking load of 'rlls.dll' -- see http://www.mozilla.com/en-US/blocklist/
LdrLoadDll: Blocking load of 'rlls.dll' -- see http://www.mozilla.com/en-US/blocklist/
LdrLoadDll: Blocking load of 'rlls.dll' -- see http://www.mozilla.com/en-US/blocklist/
LdrLoadDll: Blocking load of 'rlls.dll' -- see http://www.mozilla.com/en-US/blocklist/
LdrLoadDll: Blocking load of 'rlls.dll' -- see http://www.mozilla.com/en-US/blocklist/
LdrLoadDll: Blocking load of 'rlls.dll' -- see http://www.mozilla.com/en-US/blocklist/
LdrLoadDll: Blocking load of 'rlls.dll' -- see http://www.mozilla.com/en-US/blocklist/
LdrLoadDll: Blocking load of 'rlls.dll' -- see http://www.mozilla.com/en-US/blocklist/
LdrLoadDll: Blocking load of 'rlls.dll' -- see http://www.mozilla.com/en-US/blocklist/
LdrLoadDll: Blocking load of 'rlls.dll' -- see http://www.mozilla.com/en-US/blocklist/
LdrLoadDll: Blocking load of 'rlls.dll' -- see http://www.mozilla.com/en-US/blocklist/
LdrLoadDll: Blocking load of 'rlls.dll' -- see http://www.mozilla.com/en-US/blocklist/
LdrLoadDll: Blocking load of 'rlls.dll' -- see http://www.mozilla.com/en-US/blocklist/
LdrLoadDll: Blocking load of 'rlls.dll' -- see http://www.mozilla.com/en-US/blocklist/
LdrLoadDll: Blocking load of 'rlls.dll' -- see http://www.mozilla.com/en-US/blocklist/
LdrLoadDll: Blocking load of 'rlls.dll' -- see http://www.mozilla.com/en-US/blocklist/
LdrLoadDll: Blocking load of 'rlls.dll' -- see http://www.mozilla.com/en-US/blocklist/
LdrLoadDll: Blocking load of 'rlls.dll' -- see http://www.mozilla.com/en-US/blocklist/
LdrLoadDll: Blocking load of 'rlls.dll' -- see http://www.mozilla.com/en-US/blocklist/
LdrLoadDll: Blocking load of 'rlls.dll' -- see http://www.mozilla.com/en-US/blocklist/
LdrLoadDll: Blocking load of 'rlls.dll' -- see http://www.mozilla.com/en-US/blocklist/
LdrLoadDll: Blocking load of 'rlls.dll' -- see http://www.mozilla.com/en-US/blocklist/
LdrLoadDll: Blocking load of 'rlls.dll' -- see http://www.mozilla.com/en-US/blocklist/
LdrLoadDll: Blocking load of 'rlls.dll' -- see http://www.mozilla.com/en-US/blocklist/

Build info: version: '2.44.0', revision: '76d78cf', time: '2014-10-23 20:02:37'
System info: host: 'AbhinayaS', ip: '10.250.21.46', os.name: 'Windows 7', os.arch: 'amd64', os.version: '6.1', java.version: '1.8.0_131'
Driver info: driver.version: FirefoxDriver
	at org.openqa.selenium.firefox.internal.NewProfileExtensionConnection.start(NewProfileExtensionConnection.java:130)
	at org.openqa.selenium.firefox.FirefoxDriver.startClient(FirefoxDriver.java:246)
	at org.openqa.selenium.remote.RemoteWebDriver.<init>(RemoteWebDriver.java:114)
	at org.openqa.selenium.firefox.FirefoxDriver.<init>(FirefoxDriver.java:193)
	at org.openqa.selenium.firefox.FirefoxDriver.<init>(FirefoxDriver.java:186)
	at org.openqa.selenium.firefox.FirefoxDriver.<init>(FirefoxDriver.java:182)
	at org.openqa.selenium.firefox.FirefoxDriver.<init>(FirefoxDriver.java:95)
	at packTwo.Annotations2.executeSoftware(Annotations2.java:42)
	at sun.reflect.NativeMethodAccessorImpl.invoke0(Native Method)
	at sun.reflect.NativeMethodAccessorImpl.invoke(Unknown Source)
	at sun.reflect.DelegatingMethodAccessorImpl.invoke(Unknown Source)
	at java.lang.reflect.Method.invoke(Unknown Source)
	at org.testng.internal.MethodInvocationHelper.invokeMethod(MethodInvocationHelper.java:108)
	at org.testng.internal.Invoker.invokeMethod(Invoker.java:661)
	at org.testng.internal.Invoker.invokeTestMethod(Invoker.java:869)
	at org.testng.internal.Invoker.invokeTestMethods(Invoker.java:1193)
	at org.testng.internal.TestMethodWorker.invokeTestMethods(TestMethodWorker.java:126)
	at org.testng.internal.TestMethodWorker.run(TestMethodWorker.java:109)
	at org.testng.TestRunner.privateRun(TestRunner.java:744)
	at org.testng.TestRunner.run(TestRunner.java:602)
	at org.testng.SuiteRunner.runTest(SuiteRunner.java:380)
	at org.testng.SuiteRunner.runSequentially(SuiteRunner.java:375)
	at org.testng.SuiteRunner.privateRun(SuiteRunner.java:340)
	at org.testng.SuiteRunner.run(SuiteRunner.java:289)
	at org.testng.SuiteRunnerWorker.runSuite(SuiteRunnerWorker.java:52)
	at org.testng.SuiteRunnerWorker.run(SuiteRunnerWorker.java:86)
	at org.testng.TestNG.runSuitesSequentially(TestNG.java:1301)
	at org.testng.TestNG.runSuitesLocally(TestNG.java:1226)
	at org.testng.TestNG.runSuites(TestNG.java:1144)
	at org.testng.TestNG.run(TestNG.java:1115)
	at org.testng.remote.AbstractRemoteTestNG.run(AbstractRemoteTestNG.java:132)
	at org.testng.remote.RemoteTestNG.initAndRun(RemoteTestNG.java:230)
	at org.testng.remote.RemoteTestNG.main(RemoteTestNG.java:76)
Caused by: org.openqa.selenium.firefox.NotConnectedException: Unable to connect to host 127.0.0.1 on port 7055 after 45000 ms. Firefox console output:
-- see http://www.mozilla.com/en-US/blocklist/
LdrLoadDll: Blocking load of 'rlls.dll' -- see http://www.mozilla.com/en-US/blocklist/
LdrLoadDll: Blocking load of 'rlls.dll' -- see http://www.mozilla.com/en-US/blocklist/
LdrLoadDll: Blocking load of 'rlls.dll' -- see http://www.mozilla.com/en-US/blocklist/
LdrLoadDll: Blocking load of 'rlls.dll' -- see http://www.mozilla.com/en-US/blocklist/
LdrLoadDll: Blocking load of 'rlls.dll' -- see http://www.mozilla.com/en-US/blocklist/
LdrLoadDll: Blocking load of 'rlls.dll' -- see http://www.mozilla.com/en-US/blocklist/
LdrLoadDll: Blocking load of 'rlls.dll' -- see http://www.mozilla.com/en-US/blocklist/
LdrLoadDll: Blocking load of 'rlls.dll' -- see http://www.mozilla.com/en-US/blocklist/
LdrLoadDll: Blocking load of 'rlls.dll' -- see http://www.mozilla.com/en-US/blocklist/
LdrLoadDll: Blocking load of 'rlls.dll' -- see http://www.mozilla.com/en-US/blocklist/
LdrLoadDll: Blocking load of 'rlls.dll' -- see http://www.mozilla.com/en-US/blocklist/
LdrLoadDll: Blocking load of 'rlls.dll' -- see http://www.mozilla.com/en-US/blocklist/
LdrLoadDll: Blocking load of 'rlls.dll' -- see http://www.mozilla.com/en-US/blocklist/
LdrLoadDll: Blocking load of 'rlls.dll' -- see http://www.mozilla.com/en-US/blocklist/
LdrLoadDll: Blocking load of 'rlls.dll' -- see http://www.mozilla.com/en-US/blocklist/
LdrLoadDll: Blocking load of 'rlls.dll' -- see http://www.mozilla.com/en-US/blocklist/
LdrLoadDll: Blocking load of 'rlls.dll' -- see http://www.mozilla.com/en-US/blocklist/
LdrLoadDll: Blocking load of 'rlls.dll' -- see http://www.mozilla.com/en-US/blocklist/
LdrLoadDll: Blocking load of 'rlls.dll' -- see http://www.mozilla.com/en-US/blocklist/
LdrLoadDll: Blocking load of 'rlls.dll' -- see http://www.mozilla.com/en-US/blocklist/
LdrLoadDll: Blocking load of 'rlls.dll' -- see http://www.mozilla.com/en-US/blocklist/
LdrLoadDll: Blocking load of 'rlls.dll' -- see http://www.mozilla.com/en-US/blocklist/
LdrLoadDll: Blocking load of 'rlls.dll' -- see http://www.mozilla.com/en-US/blocklist/
LdrLoadDll: Blocking load of 'rlls.dll' -- see http://www.mozilla.com/en-US/blocklist/
LdrLoadDll: Blocking load of 'rlls.dll' -- see http://www.mozilla.com/en-US/blocklist/
LdrLoadDll: Blocking load of 'rlls.dll' -- see http://www.mozilla.com/en-US/blocklist/
LdrLoadDll: Blocking load of 'rlls.dll' -- see http://www.mozilla.com/en-US/blocklist/
LdrLoadDll: Blocking load of 'rlls.dll' -- see http://www.mozilla.com/en-US/blocklist/
LdrLoadDll: Blocking load of 'rlls.dll' -- see http://www.mozilla.com/en-US/blocklist/
LdrLoadDll: Blocking load of 'rlls.dll' -- see http://www.mozilla.com/en-US/blocklist/
LdrLoadDll: Blocking load of 'rlls.dll' -- see http://www.mozilla.com/en-US/blocklist/
LdrLoadDll: Blocking load of 'rlls.dll' -- see http://www.mozilla.com/en-US/blocklist/
LdrLoadDll: Blocking load of 'rlls.dll' -- see http://www.mozilla.com/en-US/blocklist/
LdrLoadDll: Blocking load of 'rlls.dll' -- see http://www.mozilla.com/en-US/blocklist/
LdrLoadDll: Blocking load of 'rlls.dll' -- see http://www.mozilla.com/en-US/blocklist/
LdrLoadDll: Blocking load of 'rlls.dll' -- see http://www.mozilla.com/en-US/blocklist/
LdrLoadDll: Blocking load of 'rlls.dll' -- see http://www.mozilla.com/en-US/blocklist/
LdrLoadDll: Blocking load of 'rlls.dll' -- see http://www.mozilla.com/en-US/blocklist/
LdrLoadDll: Blocking load of 'rlls.dll' -- see http://www.mozilla.com/en-US/blocklist/
LdrLoadDll: Blocking load of 'rlls.dll' -- see http://www.mozilla.com/en-US/blocklist/
LdrLoadDll: Blocking load of 'rlls.dll' -- see http://www.mozilla.com/en-US/blocklist/
LdrLoadDll: Blocking load of 'rlls.dll' -- see http://www.mozilla.com/en-US/blocklist/
LdrLoadDll: Blocking load of 'rlls.dll' -- see http://www.mozilla.com/en-US/blocklist/
LdrLoadDll: Blocking load of 'rlls.dll' -- see http://www.mozilla.com/en-US/blocklist/
LdrLoadDll: Blocking load of 'rlls.dll' -- see http://www.mozilla.com/en-US/blocklist/
LdrLoadDll: Blocking load of 'rlls.dll' -- see http://www.mozilla.com/en-US/blocklist/

	at org.openqa.selenium.firefox.internal.NewProfileExtensionConnection.start(NewProfileExtensionConnection.java:118)
	... 32 more
]]>
    </error>
  </testcase> <!-- executeSoftware -->
</testsuite> <!-- packTwo.Annotations2 -->
