<?xml version="1.0" encoding="UTF-8"?>
<!-- Generated by org.testng.reporters.JUnitReportReporter -->
<testsuite skipped="1" hostname="AbhinayaS" name="packTwo.copy.DependencyAnnotatins" tests="5" failures="0" timestamp="17 Aug 2017 06:37:31 GMT" time="0.017" errors="0">
  <testcase name="openingBrowser" time="0.001" classname="packTwo.copy.DependencyAnnotatins"/>
  <testcase name="checkingSeatAvailbility" time="0.015" classname="packTwo.copy.DependencyAnnotatins"/>
  <testcase name="timeRelated" time="0.000" classname="packTwo.copy.DependencyAnnotatins"/>
  <testcase name="flightBooking" time="0.001" classname="packTwo.copy.DependencyAnnotatins"/>
  <testcase name="payment" classname="packTwo.copy.DependencyAnnotatins">
    <skipped/>
  </testcase> <!-- payment -->
</testsuite> <!-- packTwo.copy.DependencyAnnotatins -->
