<?xml version="1.0" encoding="UTF-8"?>
<!-- Generated by org.testng.reporters.JUnitReportReporter -->
<testsuite skipped="1" hostname="AbhinayaS" name="testngFiles.DependencyAnnotatins" tests="5" failures="0" timestamp="17 Aug 2017 06:39:31 GMT" time="0.000" errors="0">
  <testcase name="flightBooking" time="0.000" classname="testngFiles.DependencyAnnotatins"/>
  <testcase name="checkingSeatAvailbility" time="0.000" classname="testngFiles.DependencyAnnotatins"/>
  <testcase name="timeRelated" time="0.000" classname="testngFiles.DependencyAnnotatins"/>
  <testcase name="openingBrowser" time="0.000" classname="testngFiles.DependencyAnnotatins"/>
  <testcase name="payment" classname="testngFiles.DependencyAnnotatins">
    <skipped/>
  </testcase> <!-- payment -->
</testsuite> <!-- testngFiles.DependencyAnnotatins -->
